<?xml version="1.0" encoding="UTF-8"?>
<testsuite xmlns:xsi="http://www.w3.org/2001/XMLSchema-instance" xsi:noNamespaceSchemaLocation="https://maven.apache.org/surefire/maven-surefire-plugin/xsd/surefire-test-report-3.0.xsd" version="3.0" name="ar.uade.redsocial.RedSocialEmpresarialTest" time="0.261" tests="8" errors="0" skipped="0" failures="0">
  <properties>
[...]
</properties>
  <testcase name="testUndo_AddClient_CleanReferences" classname="ar.uade.redsocial.RedSocialEmpresarialTest" time="0.095"/>
  <testcase name="testFIFO_solicitarYProcesar" classname="ar.uade.redsocial.RedSocialEmpresarialTest" time="0.006"/>
  <testcase name="testBuscadores" classname="ar.uade.redsocial.RedSocialEmpresarialTest" time="0.003"/>
  <testcase name="testLoadFromJson_duplicados_falla" classname="ar.uade.redsocial.RedSocialEmpresarialTest" time="0.07"/>
  <testcase name="testLoadFromJson_ok_conFormatoDelTP" classname="ar.uade.redsocial.RedSocialEmpresarialTest" time="0.004"/>
  <testcase name="testLoadFromJson_scoringNegativo_falla" classname="ar.uade.redsocial.RedSocialEmpresarialTest" time="0.005"/>
  <testcase name="testUndo_RequestFollow" classname="ar.uade.redsocial.RedSocialEmpresarialTest" time="0.01"/>
  <testcase name="testLoadFromJson_jsonInvalido_falla" classname="ar.uade.redsocial.RedSocialEmpresarialTest" time="0.005"/>
</testsuite>