<?xml version="1.0" encoding="UTF-8"?>
<testsuite xmlns:xsi="http://www.w3.org/2001/XMLSchema-instance" xsi:noNamespaceSchemaLocation="https://maven.apache.org/surefire/maven-surefire-plugin/xsd/surefire-test-report-3.0.xsd" version="3.0" name="ar.uade.redsocial.RedSocialEmpresarialTest" time="0.11" tests="4" errors="0" skipped="0" failures="0">
  <properties>
[...]
</properties>
  <testcase name="agregarYBuscarCliente" classname="ar.uade.redsocial.RedSocialEmpresarialTest" time="0.056"/>
  <testcase name="buscarPorScoring" classname="ar.uade.redsocial.RedSocialEmpresarialTest" time="0.002"/>
  <testcase name="deshacerAccion" classname="ar.uade.redsocial.RedSocialEmpresarialTest" time="0.003"/>
  <testcase name="colaSeguimientosFIFO" classname="ar.uade.redsocial.RedSocialEmpresarialTest" time="0.012"/>
</testsuite>